<?xml version="1.0" encoding="UTF-8"?>
<testng-results ignored="0" total="5" passed="5" failed="0" skipped="0">
  <reporter-output>
  </reporter-output>
  <suite started-at="2023-02-07T15:39:32 IST" name="Default suite" finished-at="2023-02-07T15:40:13 IST" duration-ms="40412">
    <groups>
    </groups>
    <test started-at="2023-02-07T15:39:32 IST" name="Default test" finished-at="2023-02-07T15:40:13 IST" duration-ms="40412">
      <class name="testcase.TestCase">
        <test-method is-config="true" signature="Aobjects()[pri:0, instance:testcase.TestCase@6dd82486]" started-at="2023-02-07T15:39:32 IST" name="Aobjects" finished-at="2023-02-07T15:39:36 IST" duration-ms="3750" status="PASS">
          <reporter-output>
          </reporter-output>
        </test-method> <!-- Aobjects -->
        <test-method signature="Btestloginpage()[pri:0, instance:testcase.TestCase@6dd82486]" started-at="2023-02-07T15:39:36 IST" name="Btestloginpage" description="Login page" finished-at="2023-02-07T15:39:37 IST" duration-ms="816" status="PASS">
          <reporter-output>
          </reporter-output>
        </test-method> <!-- Btestloginpage -->
        <test-method signature="Ctestbutton()[pri:0, instance:testcase.TestCase@6dd82486]" started-at="2023-02-07T15:39:37 IST" name="Ctestbutton" description="Clicking on main functionality" finished-at="2023-02-07T15:39:43 IST" duration-ms="5493" status="PASS">
          <reporter-output>
          </reporter-output>
        </test-method> <!-- Ctestbutton -->
        <test-method signature="Dresources()[pri:0, instance:testcase.TestCase@6dd82486]" started-at="2023-02-07T15:39:43 IST" name="Dresources" description="Clicking on Resources" finished-at="2023-02-07T15:40:00 IST" duration-ms="17388" status="PASS">
          <reporter-output>
          </reporter-output>
        </test-method> <!-- Dresources -->
        <test-method signature="Environmentvaribale()[pri:0, instance:testcase.TestCase@6dd82486]" started-at="2023-02-07T15:40:00 IST" name="Environmentvaribale" description="Clicking on Enivronment variable" finished-at="2023-02-07T15:40:07 IST" duration-ms="6456" status="PASS">
          <reporter-output>
          </reporter-output>
        </test-method> <!-- Environmentvaribale -->
        <test-method signature="termsandcondition()[pri:0, instance:testcase.TestCase@6dd82486]" started-at="2023-02-07T15:40:07 IST" name="termsandcondition" description="terms_and_condition" finished-at="2023-02-07T15:40:13 IST" duration-ms="6013" status="PASS">
          <reporter-output>
          </reporter-output>
        </test-method> <!-- termsandcondition -->
        <test-method is-config="true" signature="teardown()[pri:0, instance:testcase.TestCase@6dd82486]" started-at="2023-02-07T15:40:13 IST" name="teardown" finished-at="2023-02-07T15:40:13 IST" duration-ms="269" status="PASS">
          <reporter-output>
          </reporter-output>
        </test-method> <!-- teardown -->
      </class> <!-- testcase.TestCase -->
    </test> <!-- Default test -->
  </suite> <!-- Default suite -->
</testng-results>
